#
# There is insufficient memory for the Java Runtime Environment to continue.
# Native memory allocation (malloc) failed to allocate 478736 bytes for Chunk::new
# Possible reasons:
#   The system is out of physical RAM or swap space
#   In 32 bit mode, the process size limit was hit
# Possible solutions:
#   Reduce memory load on the system
#   Increase physical memory or swap space
#   Check if swap backing store is full
#   Use 64 bit Java on a 64 bit OS
#   Decrease Java heap size (-Xmx/-Xms)
#   Decrease number of Java threads
#   Decrease Java thread stack sizes (-Xss)
#   Set larger code cache with -XX:ReservedCodeCacheSize=
# This output file may be truncated or incomplete.
#
#  Out of Memory Error (allocation.cpp:390), pid=15244, tid=0x0000000000009174
#
# JRE version: Java(TM) SE Runtime Environment (8.0_144-b01) (build 1.8.0_144-b01)
# Java VM: Java HotSpot(TM) 64-Bit Server VM (25.144-b01 mixed mode windows-amd64 compressed oops)
# Failed to write core dump. Minidumps are not enabled by default on client versions of Windows
#

---------------  T H R E A D  ---------------

Current thread (0x000000001e793000):  JavaThread "C2 CompilerThread2" daemon [_thread_in_native, id=37236, stack(0x000000001f160000,0x000000001f260000)]

Stack: [0x000000001f160000,0x000000001f260000]
[error occurred during error reporting (printing stack bounds), id 0xc0000005]

Native frames: (J=compiled Java code, j=interpreted, Vv=VM code, C=native code)


Current CompileTask:
C2:   2197 1413       4       org.codehaus.groovy.runtime.metaclass.MetaMethodIndex::addMethodToList (298 bytes)


---------------  P R O C E S S  ---------------

Java Threads: ( => current thread )
  0x000000001f9b1000 JavaThread "ReaderThread" [_thread_in_native, id=32896, stack(0x00000000202a0000,0x00000000203a0000)]
  0x000000001e7bf800 JavaThread "Service Thread" daemon [_thread_blocked, id=40080, stack(0x000000001f360000,0x000000001f460000)]
  0x000000001c87c800 JavaThread "C1 CompilerThread3" daemon [_thread_blocked, id=37228, stack(0x000000001f260000,0x000000001f360000)]
=>0x000000001e793000 JavaThread "C2 CompilerThread2" daemon [_thread_in_native, id=37236, stack(0x000000001f160000,0x000000001f260000)]
  0x000000001e790800 JavaThread "C2 CompilerThread1" daemon [_thread_in_native, id=40688, stack(0x000000001f060000,0x000000001f160000)]
  0x000000001e78b800 JavaThread "C2 CompilerThread0" daemon [_thread_in_native, id=40720, stack(0x000000001ef60000,0x000000001f060000)]
  0x000000001e78a000 JavaThread "Attach Listener" daemon [_thread_blocked, id=40276, stack(0x000000001ee60000,0x000000001ef60000)]
  0x000000001e79e000 JavaThread "Signal Dispatcher" daemon [_thread_blocked, id=37728, stack(0x000000001ed60000,0x000000001ee60000)]
  0x000000001e780800 JavaThread "Finalizer" daemon [_thread_blocked, id=40380, stack(0x000000001eb60000,0x000000001ec60000)]
  0x000000001c86d000 JavaThread "Reference Handler" daemon [_thread_blocked, id=41280, stack(0x000000001e660000,0x000000001e760000)]
  0x0000000002e44000 JavaThread "main" [_thread_in_vm, id=33740, stack(0x0000000002d40000,0x0000000002e40000)]

Other Threads:
  0x000000001c869000 VMThread [stack: 0x000000001e560000,0x000000001e660000] [id=36596]
  0x000000001e7c2800 WatcherThread [stack: 0x000000001f460000,0x000000001f560000] [id=33612]

VM state:not at safepoint (normal execution)

VM Mutex/Monitor currently owned by a thread: None

Heap:
 PSYoungGen      total 75776K, used 17780K [0x000000076bd00000, 0x0000000771180000, 0x00000007c0000000)
  eden space 65024K, 10% used [0x000000076bd00000,0x000000076c3ddf38,0x000000076fc80000)
  from space 10752K, 99% used [0x000000076fc80000,0x00000007706ff2d8,0x0000000770700000)
  to   space 10752K, 0% used [0x0000000770700000,0x0000000770700000,0x0000000771180000)
 ParOldGen       total 173568K, used 584K [0x00000006c3600000, 0x00000006cdf80000, 0x000000076bd00000)
  object space 173568K, 0% used [0x00000006c3600000,0x00000006c3692088,0x00000006cdf80000)
 Metaspace       used 16424K, capacity 16862K, committed 17152K, reserved 1064960K
  class space    used 1850K, capacity 1984K, committed 2048K, reserved 1048576K

Card table byte_map: [0x0000000012300000,0x0000000012af0000] byte_map_base: 0x000000000ece5000

Marking Bits: (ParMarkBitMap*) 0x000000006b99d850
 Begin Bits: [0x0000000013840000, 0x0000000017768000)
 End Bits:   [0x0000000017768000, 0x000000001b690000)

Polling page: 0x00000000011d0000

CodeCache: size=245760Kb used=5957Kb max_used=5957Kb free=239802Kb
 bounds [0x0000000002f40000, 0x0000000003520000, 0x0000000011f40000]
 total_blobs=2067 nmethods=1451 adapters=528
 compilation: enabled

Compilation events (10 events):
Event: 2.190 Thread 0x000000001c87c800 nmethod 1444 0x00000000035056d0 code [0x0000000003505940, 0x0000000003506f98]
Event: 2.191 Thread 0x000000001c87c800 1445       3       sun.reflect.generics.parser.SignatureParser::parseTypeSignature (130 bytes)
Event: 2.191 Thread 0x000000001c87c800 nmethod 1445 0x00000000035077d0 code [0x0000000003507960, 0x0000000003507c08]
Event: 2.191 Thread 0x000000001c87c800 1447       3       sun.reflect.generics.reflectiveObjects.ParameterizedTypeImpl::toString (242 bytes)
Event: 2.193 Thread 0x000000001c87c800 nmethod 1447 0x0000000003507d10 code [0x0000000003508140, 0x000000000350ab68]
Event: 2.193 Thread 0x000000001c87c800 1446       3       sun.reflect.generics.parser.SignatureParser::parseTypeArgument (133 bytes)
Event: 2.194 Thread 0x000000001c87c800 nmethod 1446 0x000000000350bd90 code [0x000000000350c060, 0x000000000350d6a8]
Event: 2.194 Thread 0x000000001c87c800 1450       3       org.codehaus.groovy.util.ComplexKeyHashMap$1::next (5 bytes)
Event: 2.194 Thread 0x000000001c87c800 nmethod 1450 0x000000000350e0d0 code [0x000000000350e240, 0x000000000350e3c8]
Event: 2.194 Thread 0x000000001c87c800 1449       3       java.beans.PropertyDescriptor::setClass0 (25 bytes)

GC Heap History (2 events):
Event: 2.136 GC heap before
{Heap before GC invocations=1 (full 0):
 PSYoungGen      total 75776K, used 65024K [0x000000076bd00000, 0x0000000771180000, 0x00000007c0000000)
  eden space 65024K, 100% used [0x000000076bd00000,0x000000076fc80000,0x000000076fc80000)
  from space 10752K, 0% used [0x0000000770700000,0x0000000770700000,0x0000000771180000)
  to   space 10752K, 0% used [0x000000076fc80000,0x000000076fc80000,0x0000000770700000)
 ParOldGen       total 173568K, used 0K [0x00000006c3600000, 0x00000006cdf80000, 0x000000076bd00000)
  object space 173568K, 0% used [0x00000006c3600000,0x00000006c3600000,0x00000006cdf80000)
 Metaspace       used 16268K, capacity 16730K, committed 17152K, reserved 1064960K
  class space    used 1831K, capacity 1941K, committed 2048K, reserved 1048576K
Event: 2.149 GC heap after
Heap after GC invocations=1 (full 0):
 PSYoungGen      total 75776K, used 10748K [0x000000076bd00000, 0x0000000771180000, 0x00000007c0000000)
  eden space 65024K, 0% used [0x000000076bd00000,0x000000076bd00000,0x000000076fc80000)
  from space 10752K, 99% used [0x000000076fc80000,0x00000007706ff2d8,0x0000000770700000)
  to   space 10752K, 0% used [0x0000000770700000,0x0000000770700000,0x0000000771180000)
 ParOldGen       total 173568K, used 584K [0x00000006c3600000, 0x00000006cdf80000, 0x000000076bd00000)
  object space 173568K, 0% used [0x00000006c3600000,0x00000006c3692088,0x00000006cdf80000)
 Metaspace       used 16268K, capacity 16730K, committed 17152K, reserved 1064960K
  class space    used 1831K, capacity 1941K, committed 2048K, reserved 1048576K
}

Deoptimization events (8 events):
Event: 0.429 Thread 0x0000000002e44000 Uncommon trap: reason=unstable_if action=reinterpret pc=0x00000000030b7ca8 method=java.lang.String.indexOf([CII[CIII)I @ 123
Event: 0.649 Thread 0x0000000002e44000 Uncommon trap: reason=unstable_if action=reinterpret pc=0x000000000314356c method=java.lang.String.indexOf([CII[CIII)I @ 3
Event: 0.652 Thread 0x0000000002e44000 Uncommon trap: reason=unstable_if action=reinterpret pc=0x00000000030a2660 method=java.lang.String.indexOf([CII[CIII)I @ 123
Event: 1.441 Thread 0x0000000002e44000 Uncommon trap: reason=range_check action=make_not_entrant pc=0x000000000323e668 method=sun.reflect.generics.parser.SignatureParser.current()C @ 34
Event: 1.578 Thread 0x0000000002e44000 Uncommon trap: reason=unstable_if action=reinterpret pc=0x00000000031cb054 method=sun.misc.MetaIndex.mayContain(Ljava/lang/String;)Z @ 38
Event: 1.579 Thread 0x0000000002e44000 Uncommon trap: reason=unstable_if action=reinterpret pc=0x00000000031ca34c method=sun.misc.MetaIndex.mayContain(Ljava/lang/String;)Z @ 38
Event: 2.149 Thread 0x0000000002e44000 Uncommon trap: reason=unstable_if action=reinterpret pc=0x00000000032c61d8 method=java.lang.ref.SoftReference.get()Ljava/lang/Object; @ 17
Event: 2.156 Thread 0x0000000002e44000 Uncommon trap: reason=unstable_if action=reinterpret pc=0x00000000034db308 method=java.lang.ref.SoftReference.get()Ljava/lang/Object; @ 17

Internal exceptions (10 events):
Event: 2.179 Thread 0x0000000002e44000 Exception <a 'java/lang/ClassNotFoundException': io/restassured/internal/serialization/SerializationSupportBeanInfo> (0x000000076c0f5be0) thrown at [C:\re\workspace\8-2-build-windows-amd64-cygwin\jdk8u144\9417\hotspot\src\share\vm\classfile\systemDictiona
Event: 2.180 Thread 0x0000000002e44000 Exception <a 'java/lang/ClassNotFoundException': io/restassured/internal/serialization/SerializationSupportCustomizer> (0x000000076c10c7d8) thrown at [C:\re\workspace\8-2-build-windows-amd64-cygwin\jdk8u144\9417\hotspot\src\share\vm\classfile\systemDictio
Event: 2.183 Thread 0x0000000002e44000 Exception <a 'java/lang/ClassNotFoundException': java/lang/StringBeanInfo> (0x000000076c203b90) thrown at [C:\re\workspace\8-2-build-windows-amd64-cygwin\jdk8u144\9417\hotspot\src\share\vm\classfile\systemDictionary.cpp, line 210]
Event: 2.184 Thread 0x0000000002e44000 Exception <a 'java/lang/ClassNotFoundException': java/lang/StringCustomizer> (0x000000076c20ac20) thrown at [C:\re\workspace\8-2-build-windows-amd64-cygwin\jdk8u144\9417\hotspot\src\share\vm\classfile\systemDictionary.cpp, line 210]
Event: 2.186 Thread 0x0000000002e44000 Exception <a 'java/lang/ClassNotFoundException': io/restassured/http/HeaderBeanInfo> (0x000000076c24f798) thrown at [C:\re\workspace\8-2-build-windows-amd64-cygwin\jdk8u144\9417\hotspot\src\share\vm\classfile\systemDictionary.cpp, line 210]
Event: 2.186 Thread 0x0000000002e44000 Exception <a 'java/lang/ClassNotFoundException': io/restassured/http/HeaderCustomizer> (0x000000076c25ed70) thrown at [C:\re\workspace\8-2-build-windows-amd64-cygwin\jdk8u144\9417\hotspot\src\share\vm\classfile\systemDictionary.cpp, line 210]
Event: 2.189 Thread 0x0000000002e44000 Exception <a 'java/lang/ClassNotFoundException': groovy/lang/Closure$1BeanInfo> (0x000000076c2b7bd8) thrown at [C:\re\workspace\8-2-build-windows-amd64-cygwin\jdk8u144\9417\hotspot\src\share\vm\classfile\systemDictionary.cpp, line 210]
Event: 2.190 Thread 0x0000000002e44000 Exception <a 'java/lang/ClassNotFoundException': groovy/lang/ClosureBeanInfo> (0x000000076c2de7c8) thrown at [C:\re\workspace\8-2-build-windows-amd64-cygwin\jdk8u144\9417\hotspot\src\share\vm\classfile\systemDictionary.cpp, line 210]
Event: 2.190 Thread 0x0000000002e44000 Exception <a 'java/lang/ClassNotFoundException': groovy/lang/ClosureCustomizer> (0x000000076c305860) thrown at [C:\re\workspace\8-2-build-windows-amd64-cygwin\jdk8u144\9417\hotspot\src\share\vm\classfile\systemDictionary.cpp, line 210]
Event: 2.192 Thread 0x0000000002e44000 Exception <a 'java/lang/ClassNotFoundException': groovy/lang/Closure$1Customizer> (0x000000076c359a58) thrown at [C:\re\workspace\8-2-build-windows-amd64-cygwin\jdk8u144\9417\hotspot\src\share\vm\classfile\systemDictionary.cpp, line 210]

Events (10 events):
Event: 2.192 loading class groovy/lang/Closure$1Customizer
Event: 2.192 loading class groovy/lang/Closure$1Customizer done
Event: 2.192 loading class groovy/lang/Closure$1Customizer
Event: 2.192 loading class groovy/lang/Closure$1Customizer done
Event: 2.192 loading class org/codehaus/groovy/runtime/callsite/BooleanClosureWrapper
Event: 2.192 loading class org/codehaus/groovy/runtime/callsite/BooleanClosureWrapper done
Event: 2.193 loading class groovy/runtime/metaclass/io/restassured/internal/RequestSpecificationImpl$_header_closure8MetaClass
Event: 2.193 loading class groovy/runtime/metaclass/io/restassured/internal/RequestSpecificationImpl$_header_closure8MetaClass done
Event: 2.193 loading class org/codehaus/groovy/runtime/metaclass/ClosureMetaClass
Event: 2.193 loading class org/codehaus/groovy/runtime/metaclass/ClosureMetaClass done


Dynamic libraries:
0x00007ff65d330000 - 0x00007ff65d367000 	C:\Program Files\Java\jdk1.8.0_144\bin\javaw.exe
0x00007ffe72f40000 - 0x00007ffe73130000 	C:\Windows\SYSTEM32\ntdll.dll
0x00007ffe72430000 - 0x00007ffe724e2000 	C:\Windows\System32\KERNEL32.DLL
0x00007ffe70c80000 - 0x00007ffe70f23000 	C:\Windows\System32\KERNELBASE.dll
0x00007ffe72660000 - 0x00007ffe72703000 	C:\Windows\System32\ADVAPI32.dll
0x00007ffe724f0000 - 0x00007ffe7258e000 	C:\Windows\System32\msvcrt.dll
0x00007ffe720d0000 - 0x00007ffe72167000 	C:\Windows\System32\sechost.dll
0x00007ffe71050000 - 0x00007ffe71170000 	C:\Windows\System32\RPCRT4.dll
0x00007ffe71170000 - 0x00007ffe71304000 	C:\Windows\System32\USER32.dll
0x00007ffe6fed0000 - 0x00007ffe6fef1000 	C:\Windows\System32\win32u.dll
0x00007ffe72710000 - 0x00007ffe72736000 	C:\Windows\System32\GDI32.dll
0x00007ffe70780000 - 0x00007ffe70914000 	C:\Windows\System32\gdi32full.dll
0x00007ffe70f30000 - 0x00007ffe70fce000 	C:\Windows\System32\msvcp_win.dll
0x00007ffe70680000 - 0x00007ffe7077a000 	C:\Windows\System32\ucrtbase.dll
0x00007ffe5b100000 - 0x00007ffe5b385000 	C:\Windows\WinSxS\amd64_microsoft.windows.common-controls_6595b64144ccf1df_6.0.18362.592_none_e6c0b1911312be02\COMCTL32.dll
0x00007ffe72b60000 - 0x00007ffe72e96000 	C:\Windows\System32\combase.dll
0x00007ffe70b50000 - 0x00007ffe70bd0000 	C:\Windows\System32\bcryptPrimitives.dll
0x00007ffe71c10000 - 0x00007ffe71c3e000 	C:\Windows\System32\IMM32.DLL
0x00007ffe32920000 - 0x00007ffe33021000 	C:\Program Files\McAfee\DLP\Agent\fcagpph64.dll
0x00007ffe71310000 - 0x00007ffe719f5000 	C:\Windows\System32\SHELL32.dll
0x00007ffe70980000 - 0x00007ffe709ca000 	C:\Windows\System32\cfgmgr32.dll
0x00007ffe71b50000 - 0x00007ffe71bf9000 	C:\Windows\System32\shcore.dll
0x00007ffe6ff00000 - 0x00007ffe7067f000 	C:\Windows\System32\windows.storage.dll
0x00007ffe6fe90000 - 0x00007ffe6feaf000 	C:\Windows\System32\profapi.dll
0x00007ffe6fe20000 - 0x00007ffe6fe6a000 	C:\Windows\System32\powrprof.dll
0x00007ffe6fe10000 - 0x00007ffe6fe20000 	C:\Windows\System32\UMPDC.dll
0x00007ffe70ff0000 - 0x00007ffe71042000 	C:\Windows\System32\shlwapi.dll
0x00007ffe6fe70000 - 0x00007ffe6fe81000 	C:\Windows\System32\kernel.appcore.dll
0x00007ffe70fd0000 - 0x00007ffe70fe7000 	C:\Windows\System32\cryptsp.dll
0x00007ffe721f0000 - 0x00007ffe72346000 	C:\Windows\System32\ole32.dll
0x00007ffe72590000 - 0x00007ffe72654000 	C:\Windows\System32\OLEAUT32.dll
0x00007ffe58d50000 - 0x00007ffe58dd9000 	C:\Windows\SYSTEM32\WINSPOOL.DRV
0x00007ffe70b20000 - 0x00007ffe70b46000 	C:\Windows\System32\bcrypt.dll
0x00007ffe6ef40000 - 0x00007ffe6ef4a000 	C:\Windows\SYSTEM32\VERSION.dll
0x00007ffe68590000 - 0x00007ffe6867f000 	C:\Windows\SYSTEM32\PROPSYS.dll
0x00007ffe6f2f0000 - 0x00007ffe6f32a000 	C:\Windows\SYSTEM32\IPHLPAPI.DLL
0x00007ffe6fd00000 - 0x00007ffe6fd2f000 	C:\Windows\SYSTEM32\SspiCli.dll
0x00007ffe6eca0000 - 0x00007ffe6ecd1000 	C:\Windows\SYSTEM32\ntmarta.dll
0x00007ffe42b20000 - 0x00007ffe42bd2000 	C:\Program Files\McAfee\Endpoint Security\Threat Prevention\Ips\EpMPApi.dll
0x00007ffe70920000 - 0x00007ffe7097c000 	C:\Windows\System32\WINTRUST.dll
0x00007ffe6feb0000 - 0x00007ffe6fec2000 	C:\Windows\System32\MSASN1.dll
0x00007ffe709d0000 - 0x00007ffe70b19000 	C:\Windows\System32\CRYPT32.dll
0x000000006cbf0000 - 0x000000006cbfc000 	C:\Program Files\McAfee\Endpoint Security\Threat Prevention\Ips\EpMPThe.dll
0x000000006c070000 - 0x000000006c142000 	C:\Program Files\Java\jdk1.8.0_144\jre\bin\msvcr100.dll
0x000000006b180000 - 0x000000006ba1d000 	C:\Program Files\Java\jdk1.8.0_144\jre\bin\server\jvm.dll
0x00000000011c0000 - 0x00000000011c8000 	C:\Windows\System32\PSAPI.DLL
0x00007ffe52c20000 - 0x00007ffe52c29000 	C:\Windows\SYSTEM32\WSOCK32.dll
0x00007ffe72ae0000 - 0x00007ffe72b4f000 	C:\Windows\System32\WS2_32.dll
0x00007ffe6a810000 - 0x00007ffe6a834000 	C:\Windows\SYSTEM32\WINMM.dll
0x00007ffe6a7e0000 - 0x00007ffe6a80d000 	C:\Windows\SYSTEM32\WINMMBASE.dll
0x000000006c7f0000 - 0x000000006c7ff000 	C:\Program Files\Java\jdk1.8.0_144\jre\bin\verify.dll
0x000000006c040000 - 0x000000006c069000 	C:\Program Files\Java\jdk1.8.0_144\jre\bin\java.dll
0x000000006c020000 - 0x000000006c036000 	C:\Program Files\Java\jdk1.8.0_144\jre\bin\zip.dll
0x000000006c000000 - 0x000000006c01a000 	C:\Program Files\Java\jdk1.8.0_144\jre\bin\net.dll
0x00007ffe6f5d0000 - 0x00007ffe6f637000 	C:\Windows\system32\mswsock.dll
0x00007ffe6f330000 - 0x00007ffe6f3fa000 	C:\Windows\SYSTEM32\DNSAPI.dll
0x00007ffe71c00000 - 0x00007ffe71c08000 	C:\Windows\System32\NSI.dll
0x00007ffe65c50000 - 0x00007ffe65c5a000 	C:\Windows\System32\rasadhlp.dll
0x00007ffe68a90000 - 0x00007ffe68b07000 	C:\Windows\System32\fwpuclnt.dll
0x00007ffe6f150000 - 0x00007ffe6f183000 	C:\Windows\system32\rsaenh.dll
0x00007ffe6fd30000 - 0x00007ffe6fd55000 	C:\Windows\SYSTEM32\USERENV.dll
0x00007ffe6f750000 - 0x00007ffe6f75c000 	C:\Windows\SYSTEM32\CRYPTBASE.dll
0x00007ffe68a70000 - 0x00007ffe68a86000 	C:\Windows\SYSTEM32\dhcpcsvc6.DLL
0x00007ffe68a50000 - 0x00007ffe68a6c000 	C:\Windows\SYSTEM32\dhcpcsvc.DLL
0x000000006bfe0000 - 0x000000006bff1000 	C:\Program Files\Java\jdk1.8.0_144\jre\bin\nio.dll

VM Arguments:
jvm_args: -ea -Dfile.encoding=Cp1252 
java_command: org.testng.remote.RemoteTestNG -serport 62561 -protocol json -d D:\Users\asingh6766\eclipse-workspace\ApiAutoationLearning\test-output D:\Users\ASINGH~1\AppData\Local\Temp\testng-eclipse-2014658742\testng-customsuite.xml
java_class_path (initial): D:\Users\asingh6766\eclipse\java-2019-09\eclipse\configuration\org.eclipse.osgi\488\0\.cp\lib\testng-remote.jar;D:\Users\asingh6766\eclipse-workspace\ApiAutoationLearning\target\test-classes;D:\Users\asingh6766\eclipse-workspace\ApiAutoationLearning\target\classes;D:\Users\asingh6766\.m2\repository\io\rest-assured\rest-assured\4.3.0\rest-assured-4.3.0.jar;D:\Users\asingh6766\.m2\repository\org\codehaus\groovy\groovy\3.0.2\groovy-3.0.2.jar;D:\Users\asingh6766\.m2\repository\org\codehaus\groovy\groovy-xml\3.0.2\groovy-xml-3.0.2.jar;D:\Users\asingh6766\.m2\repository\org\apache\httpcomponents\httpmime\4.5.3\httpmime-4.5.3.jar;D:\Users\asingh6766\.m2\repository\org\hamcrest\hamcrest\2.1\hamcrest-2.1.jar;D:\Users\asingh6766\.m2\repository\org\ccil\cowan\tagsoup\tagsoup\1.2.1\tagsoup-1.2.1.jar;D:\Users\asingh6766\.m2\repository\io\rest-assured\xml-path\4.3.0\xml-path-4.3.0.jar;D:\Users\asingh6766\.m2\repository\org\apache\commons\commons-lang3\3.4\commons-lang3-3.4.jar;D:\Users\asingh6766\.m2\repository\jakarta\xml\bind\jakarta.xml.bind-api\2.3.2\jakarta.xml.bind-api-2.3.2.jar;D:\Users\asingh6766\.m2\repository\jakarta\activation\jakarta.activation-api\1.2.1\jakarta.activation-api-1.2.1.jar;D:\Users\asingh6766\.m2\repository\com\sun\xml\bind\jaxb-osgi\2.3.0.1\jaxb-osgi-2.3.0.1.jar;D:\Users\asingh6766\.m2\repository\org\apache\sling\org.apache.sling.javax.activation\0.1.0\org.apache.sling.javax.activation-0.1.0.jar;D:\Users\asingh6766\.m2\repository\javax\activation\activation\1.1.1\activation-1.1.1.jar;D:\Users\asingh6766\.m2\repository\org\testng\testng\7.1.0\testng-7.1.0.jar;D:\Users\asingh6766\.m2\repository\com\beust\jcommander\1.72\jcommander-1.72.jar;D:\Users\asingh6766\.m2\repository\com\google\inject\guice\4.1.0\guice-4.1.0-no_aop.jar;D:\Users\asingh6766\.m2\repository\javax\inject\javax.inject\1\javax.inject-1.jar;D:\Users\asingh6766\.m2\repository\aopalliance\aopalliance\1.0\aopalliance-1.0.jar;D:\Users\asingh6766\.m2\repository\org\
Launcher Type: SUN_STANDARD

Environment Variables:
JAVA_HOME=C:\Program Files\Java\jdk1.8.0_144
PATH=C:/Program Files/Java/jre1.8.0_144/bin/server;C:/Program Files/Java/jre1.8.0_144/bin;C:/Program Files/Java/jre1.8.0_144/lib/amd64;C:\Python27\;C:\Python27\Scripts;C:\ProgramData\Oracle\Java\javapath;C:\Windows\system32;C:\Windows;C:\Windows\System32\Wbem;C:\Windows\System32\WindowsPowerShell\v1.0\;C:\Windows\System32\OpenSSH\;C:\Program Files\Intel\WiFi\bin\;C:\Program Files\Common Files\Intel\WirelessCommon\;C:\Program Files\PuTTY\;C:\Program Files\Java\jdk1.8.0_144\bin;C:\Program Files\apache-maven-3.6.2\bin;D:\Work_Soft\Gradle\gradle-6.1-bin\gradle-6.1\bin;C:\Program Files\nodejs\;C:\ProgramData\chocolatey\bin;D:\Users\asingh6766\AppData\Roaming\npm;D:\Users\asingh6766\AppData\Roaming\npm\node_modules;;C:\Program Files\Docker\Docker\resources\bin;C:\ProgramData\DockerDesktop\version-bin;D:\Users\asingh6766\scoop\shims;D:\Users\asingh6766\AppData\Local\Microsoft\WindowsApps;D:\Users\asingh6766\AppData\Local\Programs\Git\cmd;D:\Users\asingh6766\AppData\Local\Programs\Microsoft VS Code\bin;C:\Windows\system32;
USERNAME=asingh6766
OS=Windows_NT
PROCESSOR_IDENTIFIER=Intel64 Family 6 Model 142 Stepping 11, GenuineIntel



---------------  S Y S T E M  ---------------

OS: Windows 10.0 , 64 bit Build 18362 (10.0.18362.329)

CPU:total 8 (initial active 8) (4 cores per cpu, 2 threads per core) family 6 model 142 stepping 11, cmov, cx8, fxsr, mmx, sse, sse2, sse3, ssse3, sse4.1, sse4.2, popcnt, avx, avx2, aes, clmul, erms, 3dnowpref, lzcnt, ht, tsc, tscinvbit, bmi1, bmi2, adx

Memory: 4k page, physical 16551892k(2489964k free), swap 16551892k(5140k free)

vm_info: Java HotSpot(TM) 64-Bit Server VM (25.144-b01) for windows-amd64 JRE (1.8.0_144-b01), built on Jul 21 2017 21:57:33 by "java_re" with MS VC++ 10.0 (VS2010)

time: Thu Aug 06 10:44:22 2020
elapsed time: 2 seconds (0d 0h 0m 2s)

